make all --print-data-base --no-builtin-variables --no-builtin-rules --question
# GNU Make 4.3
# Built for x86_64-redhat-linux-gnu
# Copyright (C) 1988-2020 Free Software Foundation, Inc.
# License GPLv3+: GNU GPL version 3 or later <http://gnu.org/licenses/gpl.html>
# This is free software: you are free to change and redistribute it.
# There is NO WARRANTY, to the extent permitted by law.

# Make data base, printed on Mon Apr 11 11:03:34 2022

# Variables

# environment
LC_ALL = C
# environment
SKIP_SUBMODULES = 0
# makefile (from 'Makefile', line 4)
DST_DIR = supervisor
# makefile (from 'Makefile', line 18)
GRPC_CPP_OBJ = $(foreach src,$(GRPC_SRC),$(dir $(src))$(shell basename $(src) .proto).grpc.pb.cc)
# makefile (from 'Makefile', line 3)
SRC_DIR = supervisor
# environment
NINJA_STATUS = [%p :: t=%t/f=%f/r=%r :: %e] 
# environment
VSCODE_CWD = /home/andre
# environment
HARDWARE_PLATFORM = x86_64
# environment
MODULES_CMD = /usr/share/Modules/libexec/modulecmd.tcl
# default
MAKE_COMMAND := make
# environment
FPATH = /home/andre/.oh-my-zsh/plugins/vagrant:/home/andre/.oh-my-zsh/plugins/git-extras:/home/andre/.oh-my-zsh/plugins/git:/home/andre/.oh-my-zsh/functions:/home/andre/.oh-my-zsh/completions:/home/andre/.oh-my-zsh/cache/completions:/usr/share/Modules/init/zsh-functions:/usr/local/share/zsh/site-functions:/usr/share/zsh/site-functions:/usr/share/zsh/5.8.1/functions
# makefile (from 'Makefile', line 24)
GRPC_OBJ = $(GRPC_CPP_OBJ) $(GRPC_CPP_HDR) $(GRPC_GO_OBJ) $(PBUF_CPP_OBJ) $(PBUF_CPP_HDR)
# makefile (from 'Makefile', line 30)
GOPATH = $(HOME)/go
# automatic
@D = $(patsubst %/,%,$(dir $@))
# environment
VSCODE_HANDLES_UNCAUGHT_ERRORS = true
# default
.VARIABLES := 
# environment
PWD = /home/andre/git/service
# automatic
%D = $(patsubst %/,%,$(dir $%))
# environment
HOSTNAME = amelia.home.ae-35.com
# environment
LSCOLORS = Gxfxcxdxbxegedabagacad
# environment
MAIL = /var/spool/mail/andre
# environment
XDG_DATA_DIRS = /home/andre/.local/share/flatpak/exports/share:/var/lib/flatpak/exports/share:/usr/local/share:/usr/share
# environment
S_MEMORY = 8192
# environment
OLDPWD = /home/andre
# environment
MODULES_RUN_QUARANTINE = LD_LIBRARY_PATH LD_PRELOAD
# automatic
^D = $(patsubst %/,%,$(dir $^))
# environment
VSCODE_LOG_STACK = false
# environment
SKIP_PULL = true
# automatic
%F = $(notdir $%)
# environment
LANG = C
# default
.LOADED := 
# default
.INCLUDE_DIRS = /usr/include /usr/local/include /usr/include
# makefile
MAKEFLAGS = pqrR
# makefile (from 'Makefile', line 12)
GRPC_SRC = common/v1/common.proto common/v1/event.proto supervisor/v1/supervisor.proto
# makefile
CURDIR := /home/andre/git/service
# environment
VSCODE_PIPE_LOGGING = true
# environment
APPLICATION_INSIGHTS_NO_DIAGNOSTIC_CHANNEL = true
# environment
LESSOPEN = ||/usr/bin/lesspipe.sh %s
# automatic
*D = $(patsubst %/,%,$(dir $*))
# environment
GOINSECURE = code.storageos.net
# environment
MFLAGS = -pqrR
# default
.SHELLFLAGS := -c
# environment
HISTSIZE = 50000
# automatic
+D = $(patsubst %/,%,$(dir $+))
# makefile (from 'Makefile', line 1)
MAKEFILE_LIST := Makefile
# automatic
@F = $(notdir $@)
# environment
ZSH = /home/andre/.oh-my-zsh
# environment
VSCODE_VERBOSE_LOGGING = true
# environment
XDG_SESSION_TYPE = tty
# automatic
?D = $(patsubst %/,%,$(dir $?))
# automatic
*F = $(notdir $*)
# environment
JENKINS_PASS = jM79cWp4ehux
# environment
MANPATH = /usr/share/man:
# environment
MODULEPATH = /etc/scl/modulefiles:/usr/share/Modules/modulefiles:/etc/modulefiles:/usr/share/modulefiles
# environment
DBUS_SESSION_BUS_ADDRESS = unix:path=/run/user/1000/bus
# automatic
<D = $(patsubst %/,%,$(dir $<))
# environment
VSCODE_NLS_CONFIG = {"locale":"en","availableLanguages":{}}
# default
MAKE_HOST := x86_64-redhat-linux-gnu
# makefile
SHELL = /bin/sh
# environment
ncpu_max = 12
# default
MAKECMDGOALS := all
# environment
SHLVL = 2
# environment
MAKELEVEL := 0
# default
MAKE = $(MAKE_COMMAND)
# environment
PATH = /home/andre/.vscode-server/bin/8dfae7a5cd50421d10cd99cb873990460525a898/bin/remote-cli:/home/andre/bin:/home/andre/go/bin:/opt/storageos/bin:/usr/local/go/bin:/usr/local/bin:/usr/share/Modules/bin:/usr/local/bin:/usr/bin:/usr/local/sbin:/usr/sbin:/home/andre/bin:/home/andre/.cabal/bin
# environment
MOZ_GMP_PATH = /usr/lib64/mozilla/plugins/gmp-gmpopenh264/system-installed
# default
MAKEFILES := 
# environment
MODULESHOME = /usr/share/Modules
# environment
MOTD_SHOWN = pam
# environment
STORAGEOS_CPU = 6
# automatic
^F = $(notdir $^)
# environment
LOADEDMODULES = 
# environment
STORAGEOS_MEMORY = 8192
# environment
SSH_CLIENT = 192.168.1.183 53627 22
# makefile (from 'Makefile', line 19)
GRPC_CPP_HDR = $(foreach src,$(GRPC_SRC),$(dir $(src))$(shell basename $(src) .proto).grpc.pb.h)
# environment
VSCODE_LOG_NATIVE = false
# makefile (from 'Makefile', line 16)
PBUF_CPP_OBJ = $(foreach src,$(GRPC_SRC),$(dir $(src))$(shell basename $(src) .proto).pb.cc)
# environment
GOPRIVATE = code.storageos.net/storageos,github.com/storageos
# automatic
?F = $(notdir $?)
# environment
CTEST_PROGRESS_OUTPUT = 1
# environment
KDEDIRS = /usr
# environment
LS_COLORS = 
# automatic
+F = $(notdir $+)
# environment
LESS = -R
# 'override' directive
GNUMAKEFLAGS := 
# environment
BROWSER = /home/andre/.vscode-server/bin/8dfae7a5cd50421d10cd99cb873990460525a898/bin/helpers/browser.sh
# environment
S_CPU = 6
# environment
LOGNAME = andre
# makefile
.DEFAULT_GOAL := all
# environment
HISTCONTROL = ignoredups
# environment
USER = andre
# default
MAKE_VERSION := 4.3
# environment
PACKET_AUTH_TOKEN = 8VYuR4wLuxdt7Q5QCvePTcmQURnv7A8P
# makefile (from 'Makefile', line 20)
GRPC_GO_OBJ = $(foreach src,$(GRPC_SRC),$(dir $(src))$(shell basename $(src) .proto).pb.go)
# makefile (from 'Makefile', line 7)
PROTOC_OPT = -Icommon/v1
# environment
which_declare = typeset -f
# environment
VSCODE_EXTHOST_WILL_SEND_SOCKET = true
# environment
DEBUGINFOD_URLS = https://debuginfod.fedoraproject.org/ 
# environment
CTEST_OUTPUT_ON_FAILURE = 1
# environment
PAGER = less
# environment
VSCODE_AGENT_FOLDER = /home/andre/.vscode-server
# environment
_ = /usr/bin/make
# environment
XDG_RUNTIME_DIR = /run/user/1000
# makefile (from 'Makefile', line 17)
PBUF_CPP_HDR = $(foreach src,$(GRPC_SRC),$(dir $(src))$(shell basename $(src) .proto).pb.h)
# makefile (from 'Makefile', line 27)
GRPC_ALLOBJ = $(GRPC_OBJ) $(PBUF_GO_OBJ)
# environment
VSCODE_IPC_HOOK_CLI = /run/user/1000/vscode-ipc-9a22c413-f071-461c-bb78-54bca48db1c0.sock
# environment
XDG_SESSION_CLASS = user
# environment
VSCODE_AMD_ENTRYPOINT = vs/workbench/api/node/extensionHostProcess
# environment
HOME = /home/andre
# environment
XDG_SESSION_ID = 3
# default
.RECIPEPREFIX := 
# automatic
<F = $(notdir $<)
# default
SUFFIXES := 
# default
.FEATURES := target-specific order-only second-expansion else-if shortest-stem undefine oneshell nocomment grouped-target extra-prereqs archives jobserver output-sync check-symlink guile load
# environment
JENKINS_USER = t2infra
# environment
SSH_CONNECTION = 192.168.1.183 53627 192.168.1.42 22
# variable set hash-table stats:
# Load=116/1024=11%, Rehash=0, Collisions=8/246=3%

# Pattern-specific Variable Values

# No pattern-specific variable values.

# Directories

# . (device 64770, inode 19535287): 15 files, no impossibilities.

# 15 files, no impossibilities in 1 directories.

# Implicit Rules

%.pb.go: %.proto
#  recipe to execute (from 'Makefile', line 79):
	# We have a weird layout - generate the files and move them into the
	# existing places.
	protoc $(PROTOC_OPT) -I $(<D) --go_out=plugins=grpc,paths=source_relative:. $<
	mv $(notdir $@) $(dir $<)

%.grpc.pb.cc %grpc.pb.h: %.proto
#  recipe to execute (from 'Makefile', line 87):
	protoc $(PROTOC_OPT) -I $(<D) --grpc_out=$(<D) --plugin=protoc-gen-grpc=`which grpc_cpp_plugin` $(<F)

%.pb.cc %.pb.h: %.proto
#  recipe to execute (from 'Makefile', line 92):
	protoc $(PROTOC_OPT) -I $(<D) --cpp_out=$(<D) $(<F)

# 3 implicit rules, 0 (0.0%) terminal.
# Files

# Not a target:
supervisor/v1/supervisor.grpc.pb.h:
#  Implicit rule search has not been done.
#  Modification time never checked.
 
#  File has not been updated.

distclean: clean
#  Implicit rule search has not been done.
#  Modification time never checked.
#  File has not been updated.

go: vendor common/v1/common.pb.go common/v1/event.pb.go supervisor/v1/supervisor.pb.go
#  Implicit rule search has not been done.
#  Modification time never checked.
#  File has not been updated.

cxx: common/v1/common.grpc.pb.cc common/v1/event.grpc.pb.cc supervisor/v1/supervisor.grpc.pb.cc common/v1/common.pb.cc common/v1/event.pb.cc supervisor/v1/supervisor.pb.cc
#  Implicit rule search has not been done.
#  Modification time never checked.
#  File has not been updated.

# Not a target:
common/v1/common.pb.cc:
#  Implicit rule search has not been done.
#  Modification time never checked.
#  File has not been updated.

# Not a target:
Makefile:
#  Implicit rule search has been done.
#  Last modified 2022-04-11 11:02:03.412412888
#  File has been updated.
#  Successfully updated.

# Not a target:
vendor:
#  Implicit rule search has not been done.
#  Modification time never checked.
#  File has not been updated.

clean: grpc_clean vis_clean
#  Implicit rule search has not been done.
#  Modification time never checked.
#  File has not been updated.

vis_clean:
#  Implicit rule search has not been done.
#  Modification time never checked.
#  File has not been updated.
#  recipe to execute (from 'Makefile', line 59):
	cd visualiser && $(MAKE) clean

grpc_clean:
#  Implicit rule search has not been done.
#  Modification time never checked.
#  File has not been updated.
#  recipe to execute (from 'Makefile', line 53):
	rm -f $(GRPC_ALLOBJ)

# Not a target:
supervisor/v1/supervisor.grpc.pb.cc:
#  Implicit rule search has not been done.
#  Modification time never checked.
#  File has not been updated.

# Not a target:
common/v1/common.pb.h:
#  Implicit rule search has not been done.
#  Modification time never checked.
#  File has not been updated.

# Not a target:
supervisor/v1/supervisor.pb.h:
#  Implicit rule search has not been done.
#  Modification time never checked.
#  File has not been updated.

# Not a target:
common/v1/event.grpc.pb.h:
#  Implicit rule search has not been done.
#  Modification time never checked.
#  File has not been updated.

# Not a target:
supervisor/v1/supervisor.pb.go:
#  Implicit rule search has not been done.
#  Modification time never checked.
#  File has not been updated.

# Not a target:
.DEFAULT:
#  Implicit rule search has not been done.
#  Modification time never checked.
#  File has not been updated.

all:
#  Command line target.
#  Implicit rule search has not been done.
#  Implicit/static pattern stem: ''
#  File does not exist.
#  File has been updated.
#  Needs to be updated (-q is set).
# automatic
# @ := all
# automatic
# * := 
# automatic
# < := 
# automatic
# + := 
# automatic
# % := 
# automatic
# ^ := 
# automatic
# ? := 
# automatic
# | := 
# variable set hash-table stats:
# Load=8/32=25%, Rehash=0, Collisions=1/11=9%
#  recipe to execute (from 'Makefile', line 37):
	echo "No default target!" >&2
	exit 1

# Not a target:
common/v1/common.grpc.pb.h:
#  Implicit rule search has not been done.
#  Modification time never checked.
#  File has not been updated.

# Not a target:
test:
#  Implicit rule search has not been done.
#  Modification time never checked.
#  File has not been updated.

# Not a target:
common/v1/event.grpc.pb.cc:
#  Implicit rule search has not been done.
#  Modification time never checked.
#  File has not been updated.

rebuild: distclean all test
#  Implicit rule search has not been done.
#  Modification time never checked.
#  File has not been updated.

# Not a target:
common/v1/common.pb.go:
#  Implicit rule search has not been done.
#  Modification time never checked.
#  File has not been updated.

# Not a target:
common/v1/common.grpc.pb.cc:
#  Implicit rule search has not been done.
#  Modification time never checked.
#  File has not been updated.

# Not a target:
common/v1/event.pb.cc:
#  Implicit rule search has not been done.
#  Modification time never checked.
#  File has not been updated.

vis:
#  Implicit rule search has not been done.
#  Modification time never checked.
#  File has not been updated.
#  recipe to execute (from 'Makefile', line 56):
	cd visualiser && $(MAKE)

# Not a target:
common/v1/event.pb.h:
#  Implicit rule search has not been done.
#  Modification time never checked.
#  File has not been updated.

# Not a target:
.SUFFIXES:
#  Implicit rule search has not been done.
#  Modification time never checked.
#  File has not been updated.

# Not a target:
supervisor/v1/supervisor.pb.cc:
#  Implicit rule search has not been done.
#  Modification time never checked.
#  File has not been updated.

# Not a target:
common/v1/event.pb.go:
#  Implicit rule search has not been done.
#  Modification time never checked.
#  File has not been updated.

grpc: common/v1/common.grpc.pb.cc common/v1/event.grpc.pb.cc supervisor/v1/supervisor.grpc.pb.cc common/v1/common.grpc.pb.h common/v1/event.grpc.pb.h supervisor/v1/supervisor.grpc.pb.h common/v1/common.pb.go common/v1/event.pb.go supervisor/v1/supervisor.pb.go common/v1/common.pb.cc common/v1/event.pb.cc supervisor/v1/supervisor.pb.cc common/v1/common.pb.h common/v1/event.pb.h supervisor/v1/supervisor.pb.h
#  Implicit rule search has not been done.
#  Modification time never checked.
#  File has not been updated.

# files hash-table stats:
# Load=30/1024=3%, Rehash=0, Collisions=0/75=0%
# VPATH Search Paths

# No 'vpath' search paths.

# No general ('VPATH' variable) search path.

# strcache buffers: 1 (0) / strings = 52 / storage = 725 B / avg = 13 B
# current buf: size = 8162 B / used = 725 B / count = 52 / avg = 13 B

# strcache performance: lookups = 84 / hit rate = 38%
# hash-table stats:
# Load=52/8192=1%, Rehash=0, Collisions=0/84=0%
# Finished Make data base on Mon Apr 11 11:03:34 2022

 
